<?xml version="1.0" encoding="UTF-8"?>
<!-- Generated by org.testng.reporters.JUnitReportReporter -->
<testsuite hostname="DESKTOP-ODQ4RN5" failures="0" tests="2" name="com.anantaa.maven.FaceBookLogin" time="2.658" errors="0" timestamp="7 Apr 2018 14:27:21 GMT">
  <testcase classname="com.anantaa.maven.FaceBookLogin" name="errMsgBothBlank" time="2.525"/>
  <testcase classname="com.anantaa.maven.FaceBookLogin" name="pageTitle" time="0.133"/>
</testsuite> <!-- com.anantaa.maven.FaceBookLogin -->
